<?xml version="1.0" encoding="UTF-8"?>
<testng-results ignored="0" total="1" passed="1" failed="0" skipped="0">
  <reporter-output>
  </reporter-output>
  <suite started-at="2024-10-10T20:46:06 IST" name="Default suite" finished-at="2024-10-10T20:46:09 IST" duration-ms="3753">
    <groups>
    </groups>
    <test started-at="2024-10-10T20:46:06 IST" name="Default test" finished-at="2024-10-10T20:46:09 IST" duration-ms="3753">
      <class name="com.example.tests.FancodeSDETTest">
        <test-method signature="testFanCodeUserTodoCompletion()[pri:0, instance:com.example.tests.FancodeSDETTest@70e8f8e]" started-at="2024-10-10T20:46:06 IST" name="testFanCodeUserTodoCompletion" finished-at="2024-10-10T20:46:09 IST" duration-ms="3720" status="PASS">
          <reporter-output>
          </reporter-output>
        </test-method> <!-- testFanCodeUserTodoCompletion -->
      </class> <!-- com.example.tests.FancodeSDETTest -->
    </test> <!-- Default test -->
  </suite> <!-- Default suite -->
</testng-results>
